<?xml version="1.0" encoding="UTF-8"?>
<!-- Generated by org.testng.reporters.JUnitReportReporter -->
<testsuite hostname="MAVPUN0522031" failures="0" tests="1" name="com.maveric.TestAPIreqres.PatchApiTestreqrs" time="4.052" errors="0" timestamp="2024-07-09T17:41:17 IST" skipped="0">
  <testcase classname="com.maveric.TestAPIreqres.PatchApiTestreqrs" name="test" time="4.052"/>
</testsuite> <!-- com.maveric.TestAPIreqres.PatchApiTestreqrs -->
