<?xml version="1.0" encoding="UTF-8"?>
<!-- Generated by org.testng.reporters.JUnitReportReporter -->
<testsuite hostname="MAVPUN0522031" failures="0" tests="4" name="com.maveric.TestAPIreqres.Loginandregistertest" time="3.889" errors="0" timestamp="2024-07-09T18:17:14 IST" skipped="0">
  <testcase classname="com.maveric.TestAPIreqres.Loginandregistertest" name="testinvalidlogin" time="2.637"/>
  <testcase classname="com.maveric.TestAPIreqres.Loginandregistertest" name="testinvalidregister" time="0.431"/>
  <testcase classname="com.maveric.TestAPIreqres.Loginandregistertest" name="testlogin" time="0.414"/>
  <testcase classname="com.maveric.TestAPIreqres.Loginandregistertest" name="testregister" time="0.407"/>
</testsuite> <!-- com.maveric.TestAPIreqres.Loginandregistertest -->
