<?xml version="1.0" encoding="UTF-8"?>
<!-- Generated by org.testng.reporters.JUnitReportReporter -->
<testsuite hostname="MAVPUN0522031" failures="0" tests="1" name="com.maveric.TestAPIreqres.PostApiTestreqrs" time="2.719" errors="0" timestamp="2024-07-09T17:31:20 IST" skipped="0">
  <testcase classname="com.maveric.TestAPIreqres.PostApiTestreqrs" name="test1" time="2.719"/>
</testsuite> <!-- com.maveric.TestAPIreqres.PostApiTestreqrs -->
