<?xml version="1.0" encoding="UTF-8"?>
<!-- Generated by org.testng.reporters.JUnitReportReporter -->
<testsuite hostname="MAVPUN0522031" failures="0" tests="1" name="com.maveric.TestAPIreqres.PutApiTestreqrs" time="3.070" errors="0" timestamp="2024-07-11T17:20:50 IST" skipped="0">
  <testcase classname="com.maveric.TestAPIreqres.PutApiTestreqrs" name="test1" time="3.070"/>
</testsuite> <!-- com.maveric.TestAPIreqres.PutApiTestreqrs -->
