<?xml version="1.0" encoding="UTF-8"?>
<!-- Generated by org.testng.reporters.JUnitReportReporter -->
<testsuite hostname="MAVPUN0522031" failures="0" tests="7" name="com.maveric.TestAPIreqres.GetApireqresTest" time="9.651" errors="0" timestamp="2024-07-09T18:10:01 IST" skipped="0">
  <testcase classname="com.maveric.TestAPIreqres.GetApireqresTest" name="test7" time="6.947"/>
  <testcase classname="com.maveric.TestAPIreqres.GetApireqresTest" name="test6" time="0.133"/>
  <testcase classname="com.maveric.TestAPIreqres.GetApireqresTest" name="test2" time="0.140"/>
  <testcase classname="com.maveric.TestAPIreqres.GetApireqresTest" name="test1" time="1.329"/>
  <testcase classname="com.maveric.TestAPIreqres.GetApireqresTest" name="test4" time="0.119"/>
  <testcase classname="com.maveric.TestAPIreqres.GetApireqresTest" name="test3" time="0.865"/>
  <testcase classname="com.maveric.TestAPIreqres.GetApireqresTest" name="test5" time="0.118"/>
</testsuite> <!-- com.maveric.TestAPIreqres.GetApireqresTest -->
