<?xml version="1.0" encoding="UTF-8"?>
<!-- Generated by org.testng.reporters.JUnitReportReporter -->
<testsuite hostname="MAVPUN0522031" failures="0" tests="1" name="com.maveric.TestAPIreqres.DeleteApiTestreqrs" time="1.910" errors="0" timestamp="2024-07-09T16:54:41 IST" skipped="0">
  <testcase classname="com.maveric.TestAPIreqres.DeleteApiTestreqrs" name="test" time="1.910"/>
</testsuite> <!-- com.maveric.TestAPIreqres.DeleteApiTestreqrs -->
