<?xml version="1.0" encoding="UTF-8"?>
<!-- Generated by org.testng.reporters.JUnitReportReporter -->
<testsuite hostname="MAVPUN0522031" failures="0" tests="6" name="com.maveric.project.reqres.GetreqresTest" time="3.997" errors="0" timestamp="2024-07-09T12:30:54 IST" skipped="0">
  <testcase classname="com.maveric.project.reqres.GetreqresTest" name="test6" time="0.159"/>
  <testcase classname="com.maveric.project.reqres.GetreqresTest" name="test1" time="2.672"/>
  <testcase classname="com.maveric.project.reqres.GetreqresTest" name="test5" time="0.138"/>
  <testcase classname="com.maveric.project.reqres.GetreqresTest" name="test2" time="0.179"/>
  <testcase classname="com.maveric.project.reqres.GetreqresTest" name="test3" time="0.588"/>
  <testcase classname="com.maveric.project.reqres.GetreqresTest" name="test4" time="0.261"/>
</testsuite> <!-- com.maveric.project.reqres.GetreqresTest -->
